{"total": {"lines":{"total":313,"covered":257,"skipped":0,"pct":82.1},"statements":{"total":380,"covered":298,"skipped":0,"pct":78.42},"functions":{"total":71,"covered":45,"skipped":0,"pct":63.38},"branches":{"total":136,"covered":74,"skipped":0,"pct":54.41},"branchesTrue":{"total":0,"covered":0,"skipped":0,"pct":100}}
,"/mnt/z/repositories/repos v2/neilveil/express-tools-v2/src/helpers.ts": {"lines":{"total":10,"covered":10,"skipped":0,"pct":100},"functions":{"total":5,"covered":5,"skipped":0,"pct":100},"statements":{"total":13,"covered":13,"skipped":0,"pct":100},"branches":{"total":7,"covered":5,"skipped":0,"pct":71.42}}
,"/mnt/z/repositories/repos v2/neilveil/express-tools-v2/src/index.ts": {"lines":{"total":14,"covered":14,"skipped":0,"pct":100},"functions":{"total":14,"covered":0,"skipped":0,"pct":0},"statements":{"total":28,"covered":28,"skipped":0,"pct":100},"branches":{"total":0,"covered":0,"skipped":0,"pct":100}}
,"/mnt/z/repositories/repos v2/neilveil/express-tools-v2/src/app/index.ts": {"lines":{"total":53,"covered":41,"skipped":0,"pct":77.35},"functions":{"total":12,"covered":9,"skipped":0,"pct":75},"statements":{"total":60,"covered":45,"skipped":0,"pct":75},"branches":{"total":10,"covered":2,"skipped":0,"pct":20}}
,"/mnt/z/repositories/repos v2/neilveil/express-tools-v2/src/crypto/index.ts": {"lines":{"total":21,"covered":21,"skipped":0,"pct":100},"functions":{"total":5,"covered":5,"skipped":0,"pct":100},"statements":{"total":24,"covered":24,"skipped":0,"pct":100},"branches":{"total":1,"covered":1,"skipped":0,"pct":100}}
,"/mnt/z/repositories/repos v2/neilveil/express-tools-v2/src/env/index.ts": {"lines":{"total":19,"covered":16,"skipped":0,"pct":84.21},"functions":{"total":4,"covered":4,"skipped":0,"pct":100},"statements":{"total":20,"covered":17,"skipped":0,"pct":85},"branches":{"total":13,"covered":11,"skipped":0,"pct":84.61}}
,"/mnt/z/repositories/repos v2/neilveil/express-tools-v2/src/response/index.ts": {"lines":{"total":125,"covered":88,"skipped":0,"pct":70.4},"functions":{"total":18,"covered":10,"skipped":0,"pct":55.55},"statements":{"total":151,"covered":98,"skipped":0,"pct":64.9},"branches":{"total":68,"covered":32,"skipped":0,"pct":47.05}}
,"/mnt/z/repositories/repos v2/neilveil/express-tools-v2/src/server/index.ts": {"lines":{"total":16,"covered":16,"skipped":0,"pct":100},"functions":{"total":5,"covered":5,"skipped":0,"pct":100},"statements":{"total":19,"covered":17,"skipped":0,"pct":89.47},"branches":{"total":6,"covered":4,"skipped":0,"pct":66.66}}
,"/mnt/z/repositories/repos v2/neilveil/express-tools-v2/src/tdb/index.ts": {"lines":{"total":23,"covered":23,"skipped":0,"pct":100},"functions":{"total":5,"covered":5,"skipped":0,"pct":100},"statements":{"total":29,"covered":25,"skipped":0,"pct":86.2},"branches":{"total":13,"covered":9,"skipped":0,"pct":69.23}}
,"/mnt/z/repositories/repos v2/neilveil/express-tools-v2/src/validate/index.ts": {"lines":{"total":32,"covered":28,"skipped":0,"pct":87.5},"functions":{"total":3,"covered":2,"skipped":0,"pct":66.66},"statements":{"total":36,"covered":31,"skipped":0,"pct":86.11},"branches":{"total":18,"covered":10,"skipped":0,"pct":55.55}}
}
