{"total": {"lines":{"total":299,"covered":248,"skipped":0,"pct":82.94},"statements":{"total":361,"covered":287,"skipped":0,"pct":79.5},"functions":{"total":69,"covered":45,"skipped":0,"pct":65.21},"branches":{"total":122,"covered":67,"skipped":0,"pct":54.91},"branchesTrue":{"total":0,"covered":0,"skipped":0,"pct":100}}
,"/mnt/z/repositories/neilveil/express-tools/v2/src/helpers.ts": {"lines":{"total":10,"covered":10,"skipped":0,"pct":100},"functions":{"total":5,"covered":5,"skipped":0,"pct":100},"statements":{"total":13,"covered":13,"skipped":0,"pct":100},"branches":{"total":7,"covered":5,"skipped":0,"pct":71.42}}
,"/mnt/z/repositories/neilveil/express-tools/v2/src/index.ts": {"lines":{"total":16,"covered":16,"skipped":0,"pct":100},"functions":{"total":13,"covered":0,"skipped":0,"pct":0},"statements":{"total":30,"covered":30,"skipped":0,"pct":100},"branches":{"total":0,"covered":0,"skipped":0,"pct":100}}
,"/mnt/z/repositories/neilveil/express-tools/v2/src/app/index.ts": {"lines":{"total":41,"covered":35,"skipped":0,"pct":85.36},"functions":{"total":11,"covered":9,"skipped":0,"pct":81.81},"statements":{"total":46,"covered":38,"skipped":0,"pct":82.6},"branches":{"total":5,"covered":1,"skipped":0,"pct":20}}
,"/mnt/z/repositories/neilveil/express-tools/v2/src/crypto/index.ts": {"lines":{"total":21,"covered":21,"skipped":0,"pct":100},"functions":{"total":5,"covered":5,"skipped":0,"pct":100},"statements":{"total":24,"covered":24,"skipped":0,"pct":100},"branches":{"total":1,"covered":1,"skipped":0,"pct":100}}
,"/mnt/z/repositories/neilveil/express-tools/v2/src/env/index.ts": {"lines":{"total":19,"covered":16,"skipped":0,"pct":84.21},"functions":{"total":4,"covered":4,"skipped":0,"pct":100},"statements":{"total":20,"covered":17,"skipped":0,"pct":85},"branches":{"total":13,"covered":11,"skipped":0,"pct":84.61}}
,"/mnt/z/repositories/neilveil/express-tools/v2/src/response/index.ts": {"lines":{"total":122,"covered":85,"skipped":0,"pct":69.67},"functions":{"total":18,"covered":10,"skipped":0,"pct":55.55},"statements":{"total":146,"covered":94,"skipped":0,"pct":64.38},"branches":{"total":61,"covered":28,"skipped":0,"pct":45.9}}
,"/mnt/z/repositories/neilveil/express-tools/v2/src/server/index.ts": {"lines":{"total":14,"covered":14,"skipped":0,"pct":100},"functions":{"total":5,"covered":5,"skipped":0,"pct":100},"statements":{"total":17,"covered":15,"skipped":0,"pct":88.23},"branches":{"total":4,"covered":2,"skipped":0,"pct":50}}
,"/mnt/z/repositories/neilveil/express-tools/v2/src/tdb/index.ts": {"lines":{"total":23,"covered":23,"skipped":0,"pct":100},"functions":{"total":5,"covered":5,"skipped":0,"pct":100},"statements":{"total":29,"covered":25,"skipped":0,"pct":86.2},"branches":{"total":13,"covered":9,"skipped":0,"pct":69.23}}
,"/mnt/z/repositories/neilveil/express-tools/v2/src/validate/index.ts": {"lines":{"total":33,"covered":28,"skipped":0,"pct":84.84},"functions":{"total":3,"covered":2,"skipped":0,"pct":66.66},"statements":{"total":36,"covered":31,"skipped":0,"pct":86.11},"branches":{"total":18,"covered":10,"skipped":0,"pct":55.55}}
}
